f	IDENT
:=	ASSIGN_OP
15	INT_LIT
;	SEMICOLON
i	IDENT
:=	ASSIGN_OP
11	INT_LIT
;	SEMICOLON
read	KEY_READ
(	LEFT_PAREN
n	IDENT
)	RIGHT_PAREN
;	SEMICOLON
read	KEY_READ
(	LEFT_PAREN
x	IDENT
)	RIGHT_PAREN
;	SEMICOLON
read	KEY_READ
(	LEFT_PAREN
a	IDENT
)	RIGHT_PAREN
;	SEMICOLON
t	IDENT
:=	ASSIGN_OP
(	LEFT_PAREN
x	IDENT
+	ADD_OP
1	INT_LIT
)	RIGHT_PAREN
**	POW_OP
n	IDENT
;	SEMICOLON
if	KEY_IF
t	IDENT
<	LESSER_OP
n	IDENT
:	COLON
begin	KEY_BEGIN
t	IDENT
:=	ASSIGN_OP
a	IDENT
+	ADD_OP
f	IDENT
else	KEY_ELSE
:	COLON
if	KEY_IF
t	IDENT
>	GREATER_OP
n	IDENT
:	COLON
begin	KEY_BEGIN
t	IDENT
:=	ASSIGN_OP
a	IDENT
-	SUB_OP
f	IDENT
else	KEY_ELSE
:	COLON
if	KEY_IF
t	IDENT
<=	LEQUAL_OP
n	IDENT
:	COLON
begin	KEY_BEGIN
t	IDENT
:=	ASSIGN_OP
a	IDENT
*	MULT_OP
f	IDENT
else	KEY_ELSE
:	COLON
if	KEY_IF
t	IDENT
>=	GEQUAL_OP
n	IDENT
:	COLON
begin	KEY_BEGIN
t	IDENT
:=	ASSIGN_OP
a	IDENT
/	DIV_OP
f	IDENT
else	KEY_ELSE
:	COLON
if	KEY_IF
t	IDENT
<>	NEQUAL_OP
n	IDENT
:	COLON
begin	KEY_BEGIN
t	IDENT
:=	ASSIGN_OP
a	IDENT
**	POW_OP
f	IDENT
end	KEY_END
end	KEY_END
end	KEY_END
end	KEY_END
end	KEY_END
;	SEMICOLON
if	KEY_IF
n	IDENT
=	EQUAL_OP
t	IDENT
:	COLON
begin	KEY_BEGIN
++	INC_OP
x	IDENT
else	KEY_ELSE
:	COLON
--	DEC_OP
x	IDENT
end	KEY_END
;	SEMICOLON
print	KEY_PRINT
(	LEFT_PAREN
x	IDENT
)	RIGHT_PAREN
