f	IDENT
:=	ASSIGN_OP
15	INT_LIT
;	SEMICOLON
i	IDENT
:=	ASSIGN_OP
11	INT_LIT
;	SEMICOLON
read	KEY_READ
(	LEFT_PAREN
n	IDENT
)	RIGHT_PAREN
;	SEMICOLON
if	KEY_IF
n	IDENT
=	EQUAL_OP
i	IDENT
:	COLON
begin	KEY_BEGIN
++	INC_OP
i	IDENT
else	KEY_ELSE
:	COLON
--	DEC_OP
i	IDENT
end	KEY_END
;	SEMICOLON
t	IDENT
:=	ASSIGN_OP
f	IDENT
**	POW_OP
i	IDENT
;	SEMICOLON
read	KEY_READ
(	LEFT_PAREN
a	IDENT
)	RIGHT_PAREN
;	SEMICOLON
if	KEY_IF
t	IDENT
<	LESSER_OP
n	IDENT
:	COLON
begin	KEY_BEGIN
t	IDENT
:=	ASSIGN_OP
i	IDENT
+	ADD_OP
f	IDENT
-	SUB_OP
f	IDENT
*	MULT_OP
a	IDENT
;	SEMICOLON
print	KEY_PRINT
(	LEFT_PAREN
i	IDENT
)	RIGHT_PAREN
else	KEY_ELSE
:	COLON
t	IDENT
=	EQUAL_OP
i	IDENT
+	ADD_OP
(	LEFT_PAREN
f	IDENT
-	SUB_OP
f	IDENT
)	RIGHT_PAREN
*	MULT_OP
a	IDENT
;	SEMICOLON
print	KEY_PRINT
(	LEFT_PAREN
i	IDENT
)	RIGHT_PAREN
end	KEY_END
;	SEMICOLON
print	KEY_PRINT
(	LEFT_PAREN
t	IDENT
)	RIGHT_PAREN
